Сборка начата 10.06.2020 15:25:12.
Уровень детализации журнала: Normal.     1>Проект "K:\Uni\LP\labs\LP_Lab10\LP_Lab10\LP_Lab10.vcxproj" в узле 2 (целевые объекты Build).
     1>InitializeBuildStatus:
         Создание "Debug\LP_Lab10.tlog\unsuccessfulbuild", так как было задано "AlwaysCreate".
       ClCompile:
         C:\Program Files (x86)\Microsoft Visual Studio\2019\Community\VC\Tools\MSVC\14.25.28610\bin\HostX86\x86\CL.exe /c /ZI /JMC /nologo /W3 /WX- /diagnostics:column /sdl /Od /Oy- /D WIN32 /D _DEBUG /D _CONSOLE /D _UNICODE /D UNICODE /Gm- /EHsc /RTC1 /MDd /GS /fp:precise /permissive- /Zc:wchar_t /Zc:forScope /Zc:inline /Fo"Debug\\" /Fd"Debug\vc142.pdb" /Gd /TP /analyze- /FC /errorReport:prompt In.cpp LP_Lab10.cpp Log.cpp
         In.cpp
         LP_Lab10.cpp
         Log.cpp
         Создание кода...
       Link:
         C:\Program Files (x86)\Microsoft Visual Studio\2019\Community\VC\Tools\MSVC\14.25.28610\bin\HostX86\x86\link.exe /ERRORREPORT:PROMPT /OUT:"K:\Uni\LP\labs\LP_Lab10\Debug\LP_Lab10.exe" /INCREMENTAL /NOLOGO kernel32.lib user32.lib gdi32.lib winspool.lib comdlg32.lib advapi32.lib shell32.lib ole32.lib oleaut32.lib uuid.lib odbc32.lib odbccp32.lib /MANIFEST /MANIFESTUAC:"level='asInvoker' uiAccess='false'" /manifest:embed /DEBUG:FASTLINK /PDB:"K:\Uni\LP\labs\LP_Lab10\Debug\LP_Lab10.pdb" /SUBSYSTEM:CONSOLE /TLBID:1 /DYNAMICBASE /NXCOMPAT /IMPLIB:"K:\Uni\LP\labs\LP_Lab10\Debug\LP_Lab10.lib" /MACHINE:X86 Debug\Error.obj
         Debug\In.obj
         Debug\Log.obj
         Debug\LP_Lab10.obj
         Debug\Parm.obj
         LP_Lab10.vcxproj -> K:\Uni\LP\labs\LP_Lab10\Debug\LP_Lab10.exe
       FinalizeBuildStatus:
         Файл "Debug\LP_Lab10.tlog\unsuccessfulbuild" удаляется.
         Обращение к "Debug\LP_Lab10.tlog\LP_Lab10.lastbuildstate".
     1>Сборка проекта "K:\Uni\LP\labs\LP_Lab10\LP_Lab10\LP_Lab10.vcxproj" завершена (целевые объекты Build).

Сборка успешно завершена.
    Предупреждений: 0
    Ошибок: 0

Прошло времени 00:00:03.46
